<?xml version="1.0" encoding="UTF-8"?>
<!-- Generated by org.testng.reporters.JUnitReportReporter -->
<testsuite hostname="satyanarayana" failures="0" tests="2" name="alekhyaAcademy.tests.ErrorValidationsTest" time="11.335" errors="0" timestamp="2023-09-08T10:01:12 IST" skipped="0">
  <testcase classname="alekhyaAcademy.tests.ErrorValidationsTest" name="loginErrorValidation" time="4.867"/>
  <testcase classname="alekhyaAcademy.tests.ErrorValidationsTest" name="productErrorValidation" time="6.468"/>
</testsuite> <!-- alekhyaAcademy.tests.ErrorValidationsTest -->
