<?xml version="1.0" encoding="UTF-8"?>
<!-- Generated by org.testng.reporters.JUnitReportReporter -->
<testsuite hostname="satyanarayana" failures="0" tests="2" name="alekhyaAcademy.Tests.SubmitOrderTest" time="6.403" errors="0" timestamp="2023-07-15T05:53:46 IST" skipped="0">
  <testcase classname="alekhyaAcademy.Tests.SubmitOrderTest" name="submitOrderTest" time="3.939"/>
  <testcase classname="alekhyaAcademy.Tests.SubmitOrderTest" name="orderHistoryTest" time="2.464"/>
</testsuite> <!-- alekhyaAcademy.Tests.SubmitOrderTest -->
