<?xml version="1.0" encoding="UTF-8"?>
<!-- Generated by org.testng.reporters.JUnitReportReporter -->
<testsuite hostname="satyanarayana" failures="0" tests="5" name="alekhyaAcademy.tests.SubmitOrderTest" time="35.676" errors="0" timestamp="2023-09-08T10:01:12 IST" skipped="0">
  <testcase classname="alekhyaAcademy.tests.SubmitOrderTest" name="submitOrderTest" time="7.899"/>
  <testcase classname="alekhyaAcademy.tests.SubmitOrderTest" name="submitOrderTest" time="7.621"/>
  <testcase classname="alekhyaAcademy.tests.SubmitOrderTest" name="submitOrder" time="7.762"/>
  <testcase classname="alekhyaAcademy.tests.SubmitOrderTest" name="submitOrder" time="7.952"/>
  <testcase classname="alekhyaAcademy.tests.SubmitOrderTest" name="orderHistoryTest" time="4.442"/>
</testsuite> <!-- alekhyaAcademy.tests.SubmitOrderTest -->
